<?xml version="1.0" encoding="UTF-8"?>
<!-- Generated by org.testng.reporters.JUnitXMLReporter -->
<testsuite ignored="0" hostname="LTIN699678" failures="6" tests="21" name="All Automations" time="942.801" errors="0" timestamp="2026-05-07T13:06:30 IST">
  <testcase classname="org.ClearTrip.tests.HotelBookingFunctsPricesTest.T1_FilterHotelsInNiarobiaTest" name="assertionPerform" time="26.599"/>
  <testcase classname="org.ClearTrip.tests.HotelBookingFiltersTest.TC_01_StarCategory" name="testclass" time="22.339">
    <failure type="org.openqa.selenium.TimeoutException" message="Expected condition failed: waiting for visibility of Proxy element for: DefaultElementLocator &amp;apos;By.xpath: //h1[text()=&amp;apos;Showing hotels in Nairobi&amp;apos;]&amp;apos;
(tried for 10 seconds with 500 milliseconds interval)">
      <![CDATA[org.openqa.selenium.TimeoutException: Expected condition failed: waiting for visibility of Proxy element for: DefaultElementLocator 'By.xpath: //h1[text()='Showing hotels in Nairobi']'
(tried for 10 seconds with 500 milliseconds interval)
at org.openqa.selenium.support.ui.WebDriverWait.timeoutException(WebDriverWait.java:85)
at org.openqa.selenium.support.ui.FluentWait.until(FluentWait.java:233)
at org.ClearTrip.com.pages.HotelBookingFunctsPrices.FilterHotelsInNiarobia.ValidateFilter(FilterHotelsInNiarobia.java:85)
at org.ClearTrip.tests.HotelBookingFiltersTest.TC_01_StarCategory.testclass(TC_01_StarCategory.java:20)
at java.base/java.util.ArrayList.forEach(ArrayList.java:1596)
at com.intellij.rt.testng.IDEARemoteTestNG.run(IDEARemoteTestNG.java:65)
at com.intellij.rt.testng.RemoteTestNGStarter.main(RemoteTestNGStarter.java:105)
Caused by: org.openqa.selenium.NoSuchElementException: no such element: Unable to locate element: {"method":"xpath","selector":"//h1[text()='Showing hotels in Nairobi']"}
  (Session info: chrome=146.0.7680.178)
For documentation on this error, please visit: https://www.selenium.dev/documentation/webdriver/troubleshooting/errors#nosuchelementexception
Build info: version: '4.41.0', revision: '9fc754f'
System info: os.name: 'Windows 11', os.arch: 'amd64', os.version: '10.0', java.version: '21'
Driver info: org.openqa.selenium.chrome.ChromeDriver
Command: [66712fcfb8288c5bd80e66d607b04792, findElement {value=//h1[text()='Showing hotels in Nairobi'], using=xpath}]
Capabilities {acceptInsecureCerts: false, browserName: chrome, browserVersion: 146.0.7680.178, chrome: {chromedriverVersion: 146.0.7680.165 (4b989da09e1..., userDataDir: C:\Users\2481415\AppData\Lo...}, fedcm:accounts: true, goog:chromeOptions: {debuggerAddress: localhost:63470}, goog:processID: 416, networkConnectionEnabled: false, pageLoadStrategy: normal, platformName: windows, proxy: Proxy(), se:cdp: ws://localhost:63470/devtoo..., se:cdpVersion: 146.0.7680.178, setWindowRect: true, strictFileInteractability: false, timeouts: {implicit: 0, pageLoad: 300000, script: 30000}, unhandledPromptBehavior: dismiss and notify, webauthn:extension:credBlob: true, webauthn:extension:largeBlob: true, webauthn:extension:minPinLength: true, webauthn:extension:prf: true, webauthn:virtualAuthenticators: true}
Session ID: 66712fcfb8288c5bd80e66d607b04792
at org.openqa.selenium.remote.ErrorCodec.decode(ErrorCodec.java:169)
at org.openqa.selenium.remote.codec.w3c.W3CHttpResponseCodec.decode(W3CHttpResponseCodec.java:142)
at org.openqa.selenium.remote.codec.w3c.W3CHttpResponseCodec.decode(W3CHttpResponseCodec.java:49)
at org.openqa.selenium.remote.HttpCommandExecutor.execute(HttpCommandExecutor.java:223)
at org.openqa.selenium.remote.service.DriverCommandExecutor.invokeExecute(DriverCommandExecutor.java:216)
at org.openqa.selenium.remote.service.DriverCommandExecutor.execute(DriverCommandExecutor.java:174)
at org.openqa.selenium.remote.RemoteWebDriver.execute(RemoteWebDriver.java:604)
at org.openqa.selenium.remote.ElementLocation$ElementFinder$2.findElement(ElementLocation.java:166)
at org.openqa.selenium.remote.ElementLocation.findElement(ElementLocation.java:60)
at org.openqa.selenium.remote.RemoteWebDriver.findElement(RemoteWebDriver.java:427)
at org.openqa.selenium.remote.RemoteWebDriver.findElement(RemoteWebDriver.java:421)
at org.openqa.selenium.support.pagefactory.DefaultElementLocator.findElement(DefaultElementLocator.java:68)
at org.openqa.selenium.support.pagefactory.internal.LocatingElementHandler.invoke(LocatingElementHandler.java:38)
at jdk.proxy2/jdk.proxy2.$Proxy13.isDisplayed(Unknown Source)
at org.openqa.selenium.support.ui.ExpectedConditions.elementIfVisible(ExpectedConditions.java:365)
at org.openqa.selenium.support.ui.ExpectedConditions$10.apply(ExpectedConditions.java:351)
at org.openqa.selenium.support.ui.ExpectedConditions$10.apply(ExpectedConditions.java:348)
at org.openqa.selenium.support.ui.FluentWait.until(FluentWait.java:209)
... 27 more
... Removed 22 stack frames]]>
    </failure>
  </testcase> <!-- testclass -->
  <testcase classname="org.ClearTrip.tests.FlightBookingFiltersTest.TC01EmptyDestination_Test" name="testCruiseFlow" time="1.508"/>
  <testcase classname="org.ClearTrip.tests.FlightBookingValidationTest.TC01_FlightValidationTest" name="FlightPageValidation" time="24.165"/>
  <testcase classname="org.ClearTrip.tests.HotelBookingFunctsPricesTest.T2_SelectHotelTest" name="validateSelectHotel" time="18.236"/>
  <testcase classname="org.ClearTrip.tests.HotelBookingFiltersTest.TC_02_GuestRating" name="testclass01" time="15.598"/>
  <testcase classname="org.ClearTrip.tests.FlightBookingFiltersTest.TC02TravellersCount_Test" name="travellers_count" time="13.704"/>
  <testcase classname="org.ClearTrip.tests.FlightBookingValidationTest.TC02_InvalidDataTest" name="FlightValidation" time="0.913"/>
  <testcase classname="org.ClearTrip.tests.HotelBookingFunctsPricesTest.T3_CheckAmenitiesTest" name="validateAmenities" time="16.486"/>
  <testcase classname="org.ClearTrip.tests.HotelBookingFiltersTest.TC_03_Amenities" name="Amenities" time="12.452"/>
  <testcase classname="org.ClearTrip.tests.FlightBookingFiltersTest.TC03FilterOnArrivalTime_Test" name="filerArrivalTime" time="13.547"/>
  <testcase classname="org.ClearTrip.tests.FlightBookingValidationTest.TC03_FlightSearchTest" name="FlightValidation" time="10.605"/>
  <testcase classname="org.ClearTrip.tests.HotelBookingFunctsPricesTest.T4_SelectRoomPriceTest" name="validateSelectRoomPrice" time="48.445">
    <failure type="java.lang.AssertionError" message="Validation failed expected [true] but found [false]">
      <![CDATA[java.lang.AssertionError: Validation failed expected [true] but found [false]
at org.ClearTrip.tests.HotelBookingFunctsPricesTest.T4_SelectRoomPriceTest.validateSelectRoomPrice(T4_SelectRoomPriceTest.java:20)
at java.base/java.util.ArrayList.forEach(ArrayList.java:1596)
at com.intellij.rt.testng.IDEARemoteTestNG.run(IDEARemoteTestNG.java:65)
at com.intellij.rt.testng.RemoteTestNGStarter.main(RemoteTestNGStarter.java:105)
... Removed 25 stack frames]]>
    </failure>
  </testcase> <!-- validateSelectRoomPrice -->
  <testcase classname="org.ClearTrip.tests.HotelBookingFiltersTest.TC_04_Propertytype" name="propertyfilter" time="38.438">
    <failure type="java.lang.AssertionError" message="Filters not applied expected [true] but found [false]">
      <![CDATA[java.lang.AssertionError: Filters not applied expected [true] but found [false]
at org.ClearTrip.tests.HotelBookingFiltersTest.TC_04_Propertytype.propertyfilter(TC_04_Propertytype.java:20)
at java.base/java.util.ArrayList.forEach(ArrayList.java:1596)
at com.intellij.rt.testng.IDEARemoteTestNG.run(IDEARemoteTestNG.java:65)
at com.intellij.rt.testng.RemoteTestNGStarter.main(RemoteTestNGStarter.java:105)
... Removed 25 stack frames]]>
    </failure>
  </testcase> <!-- propertyfilter -->
  <testcase classname="org.ClearTrip.tests.FlightBookingFiltersTest.TC04SpecialFare_Test" name="specialfare" time="23.017"/>
  <testcase classname="org.ClearTrip.tests.FlightBookingValidationTest.TC04_FlightFilterTest" name="FlightFilter" time="27.819">
    <failure type="org.openqa.selenium.TimeoutException" message="Expected condition failed: waiting for org.ClearTrip.com.pages.FlightBookingValidations.Page_04_FlightFilter$$Lambda/0x000001e82c35b5e8@5b9ca528
(tried for 15 seconds with 500 milliseconds interval)
Build info: version: &amp;apos;4.41.0&amp;apos;, revision: &amp;apos;9fc754f&amp;apos;
System info: os.name: &amp;apos;Windows 11&amp;apos;, os.arch: &amp;apos;amd64&amp;apos;, os.version: &amp;apos;10.0&amp;apos;, java.version: &amp;apos;21&amp;apos;
Driver info: org.openqa.selenium.chrome.ChromeDriver
Capabilities {acceptInsecureCerts: false, browserName: chrome, browserVersion: 146.0.7680.178, chrome: {chromedriverVersion: 146.0.7680.165 (4b989da09e1..., userDataDir: C:\Users\2481415\AppData\Lo...}, fedcm:accounts: true, goog:chromeOptions: {debuggerAddress: localhost:54219}, goog:processID: 9716, networkConnectionEnabled: false, pageLoadStrategy: normal, platformName: windows, proxy: Proxy(), se:cdp: ws://localhost:54219/devtoo..., se:cdpVersion: 146.0.7680.178, setWindowRect: true, strictFileInteractability: false, timeouts: {implicit: 0, pageLoad: 300000, script: 30000}, unhandledPromptBehavior: dismiss and notify, webauthn:extension:credBlob: true, webauthn:extension:largeBlob: true, webauthn:extension:minPinLength: true, webauthn:extension:prf: true, webauthn:virtualAuthenticators: true}
Session ID: 590ca10a1d0c020f8d3d6f12606bb5dc">
      <![CDATA[org.openqa.selenium.TimeoutException: Expected condition failed: waiting for org.ClearTrip.com.pages.FlightBookingValidations.Page_04_FlightFilter$$Lambda/0x000001e82c35b5e8@5b9ca528
(tried for 15 seconds with 500 milliseconds interval)
Build info: version: '4.41.0', revision: '9fc754f'
System info: os.name: 'Windows 11', os.arch: 'amd64', os.version: '10.0', java.version: '21'
Driver info: org.openqa.selenium.chrome.ChromeDriver
Capabilities {acceptInsecureCerts: false, browserName: chrome, browserVersion: 146.0.7680.178, chrome: {chromedriverVersion: 146.0.7680.165 (4b989da09e1..., userDataDir: C:\Users\2481415\AppData\Lo...}, fedcm:accounts: true, goog:chromeOptions: {debuggerAddress: localhost:54219}, goog:processID: 9716, networkConnectionEnabled: false, pageLoadStrategy: normal, platformName: windows, proxy: Proxy(), se:cdp: ws://localhost:54219/devtoo..., se:cdpVersion: 146.0.7680.178, setWindowRect: true, strictFileInteractability: false, timeouts: {implicit: 0, pageLoad: 300000, script: 30000}, unhandledPromptBehavior: dismiss and notify, webauthn:extension:credBlob: true, webauthn:extension:largeBlob: true, webauthn:extension:minPinLength: true, webauthn:extension:prf: true, webauthn:virtualAuthenticators: true}
Session ID: 590ca10a1d0c020f8d3d6f12606bb5dc
at org.openqa.selenium.support.ui.WebDriverWait.timeoutException(WebDriverWait.java:85)
at org.openqa.selenium.support.ui.FluentWait.until(FluentWait.java:233)
at org.ClearTrip.com.pages.FlightBookingValidations.Page_04_FlightFilter.applyFlightFilterAndContinue(Page_04_FlightFilter.java:105)
at org.ClearTrip.tests.FlightBookingValidationTest.TC04_FlightFilterTest.FlightFilter(TC04_FlightFilterTest.java:18)
at java.base/java.util.ArrayList.forEach(ArrayList.java:1596)
at com.intellij.rt.testng.IDEARemoteTestNG.run(IDEARemoteTestNG.java:65)
at com.intellij.rt.testng.RemoteTestNGStarter.main(RemoteTestNGStarter.java:105)
... Removed 22 stack frames]]>
    </failure>
  </testcase> <!-- FlightFilter -->
  <testcase classname="org.ClearTrip.tests.HotelBookingFunctsPricesTest.T5_PassengerDetailsContinuePayTest" name="validatePassengerDCP" time="139.32">
    <failure type="org.openqa.selenium.TimeoutException" message="Expected condition failed: waiting for visibility of Proxy element for: DefaultElementLocator &amp;apos;By.xpath: //div[@dir=&amp;apos;ltr&amp;apos;]/child::span&amp;apos;
(tried for 10 seconds with 500 milliseconds interval)">
      <![CDATA[org.openqa.selenium.TimeoutException: Expected condition failed: waiting for visibility of Proxy element for: DefaultElementLocator 'By.xpath: //div[@dir='ltr']/child::span'
(tried for 10 seconds with 500 milliseconds interval)
at org.openqa.selenium.support.ui.WebDriverWait.timeoutException(WebDriverWait.java:85)
at org.openqa.selenium.support.ui.FluentWait.until(FluentWait.java:233)
at org.ClearTrip.com.pages.HotelBookingFunctsPrices.PassengerDetailsContinuePay.validatePaymentPage(PassengerDetailsContinuePay.java:96)
at org.ClearTrip.tests.HotelBookingFunctsPricesTest.T5_PassengerDetailsContinuePayTest.validatePassengerDCP(T5_PassengerDetailsContinuePayTest.java:22)
at java.base/java.util.ArrayList.forEach(ArrayList.java:1596)
at com.intellij.rt.testng.IDEARemoteTestNG.run(IDEARemoteTestNG.java:65)
at com.intellij.rt.testng.RemoteTestNGStarter.main(RemoteTestNGStarter.java:105)
Caused by: org.openqa.selenium.NoSuchElementException: no such element: Unable to locate element: {"method":"xpath","selector":"//div[@dir='ltr']/child::span"}
  (Session info: chrome=146.0.7680.178)
For documentation on this error, please visit: https://www.selenium.dev/documentation/webdriver/troubleshooting/errors#nosuchelementexception
Build info: version: '4.41.0', revision: '9fc754f'
System info: os.name: 'Windows 11', os.arch: 'amd64', os.version: '10.0', java.version: '21'
Driver info: org.openqa.selenium.chrome.ChromeDriver
Command: [06992a69d86fd2c595bd352ada12910a, findElement {value=//div[@dir='ltr']/child::span, using=xpath}]
Capabilities {acceptInsecureCerts: false, browserName: chrome, browserVersion: 146.0.7680.178, chrome: {chromedriverVersion: 146.0.7680.165 (4b989da09e1..., userDataDir: C:\Users\2481415\AppData\Lo...}, fedcm:accounts: true, goog:chromeOptions: {debuggerAddress: localhost:57054}, goog:processID: 11980, networkConnectionEnabled: false, pageLoadStrategy: normal, platformName: windows, proxy: Proxy(), se:cdp: ws://localhost:57054/devtoo..., se:cdpVersion: 146.0.7680.178, setWindowRect: true, strictFileInteractability: false, timeouts: {implicit: 0, pageLoad: 300000, script: 30000}, unhandledPromptBehavior: dismiss and notify, webauthn:extension:credBlob: true, webauthn:extension:largeBlob: true, webauthn:extension:minPinLength: true, webauthn:extension:prf: true, webauthn:virtualAuthenticators: true}
Session ID: 06992a69d86fd2c595bd352ada12910a
at org.openqa.selenium.remote.ErrorCodec.decode(ErrorCodec.java:169)
at org.openqa.selenium.remote.codec.w3c.W3CHttpResponseCodec.decode(W3CHttpResponseCodec.java:142)
at org.openqa.selenium.remote.codec.w3c.W3CHttpResponseCodec.decode(W3CHttpResponseCodec.java:49)
at org.openqa.selenium.remote.HttpCommandExecutor.execute(HttpCommandExecutor.java:223)
at org.openqa.selenium.remote.service.DriverCommandExecutor.invokeExecute(DriverCommandExecutor.java:216)
at org.openqa.selenium.remote.service.DriverCommandExecutor.execute(DriverCommandExecutor.java:174)
at org.openqa.selenium.remote.RemoteWebDriver.execute(RemoteWebDriver.java:604)
at org.openqa.selenium.remote.ElementLocation$ElementFinder$2.findElement(ElementLocation.java:166)
at org.openqa.selenium.remote.ElementLocation.findElement(ElementLocation.java:60)
at org.openqa.selenium.remote.RemoteWebDriver.findElement(RemoteWebDriver.java:427)
at org.openqa.selenium.remote.RemoteWebDriver.findElement(RemoteWebDriver.java:421)
at org.openqa.selenium.support.pagefactory.DefaultElementLocator.findElement(DefaultElementLocator.java:68)
at org.openqa.selenium.support.pagefactory.internal.LocatingElementHandler.invoke(LocatingElementHandler.java:38)
at jdk.proxy2/jdk.proxy2.$Proxy13.isDisplayed(Unknown Source)
at org.openqa.selenium.support.ui.ExpectedConditions.elementIfVisible(ExpectedConditions.java:365)
at org.openqa.selenium.support.ui.ExpectedConditions$10.apply(ExpectedConditions.java:351)
at org.openqa.selenium.support.ui.ExpectedConditions$10.apply(ExpectedConditions.java:348)
at org.openqa.selenium.support.ui.FluentWait.until(FluentWait.java:209)
... 27 more
... Removed 22 stack frames]]>
    </failure>
  </testcase> <!-- validatePassengerDCP -->
  <testcase classname="org.ClearTrip.tests.HotelBookingFiltersTest.TC_05_Deals" name="Dealfilter" time="12.293"/>
  <testcase classname="org.ClearTrip.tests.FlightBookingFiltersTest.TC05AirlineFilter_Test" name="excel_task" time="0.758">
    <failure type="org.openqa.selenium.StaleElementReferenceException" message="stale element reference: stale element not found in the current frame
  (Session info: chrome=146.0.7680.178)
For documentation on this error, please visit: https://www.selenium.dev/documentation/webdriver/troubleshooting/errors#staleelementreferenceexception
Build info: version: &amp;apos;4.41.0&amp;apos;, revision: &amp;apos;9fc754f&amp;apos;
System info: os.name: &amp;apos;Windows 11&amp;apos;, os.arch: &amp;apos;amd64&amp;apos;, os.version: &amp;apos;10.0&amp;apos;, java.version: &amp;apos;21&amp;apos;
Driver info: org.openqa.selenium.chrome.ChromeDriver
Command: [1e61e0cb4dca5307b4b65e89356c976b, clickElement {id=f.57A5F72F0FA0B78F07627A87819C24D8.d.3A0E96A7FF617971BF124712A92089F3.e.116}]
Capabilities {acceptInsecureCerts: false, browserName: chrome, browserVersion: 146.0.7680.178, chrome: {chromedriverVersion: 146.0.7680.165 (4b989da09e1..., userDataDir: C:\Users\2481415\AppData\Lo...}, fedcm:accounts: true, goog:chromeOptions: {debuggerAddress: localhost:54133}, goog:processID: 24144, networkConnectionEnabled: false, pageLoadStrategy: normal, platformName: windows, proxy: Proxy(), se:cdp: ws://localhost:54133/devtoo..., se:cdpVersion: 146.0.7680.178, setWindowRect: true, strictFileInteractability: false, timeouts: {implicit: 0, pageLoad: 300000, script: 30000}, unhandledPromptBehavior: dismiss and notify, webauthn:extension:credBlob: true, webauthn:extension:largeBlob: true, webauthn:extension:minPinLength: true, webauthn:extension:prf: true, webauthn:virtualAuthenticators: true}
Element: [[ChromeDriver: chrome on windows (1e61e0cb4dca5307b4b65e89356c976b)] -&amp;gt; xpath: //p[contains(text(),&amp;apos;New Delhi&amp;apos;)]]
Session ID: 1e61e0cb4dca5307b4b65e89356c976b">
      <![CDATA[org.openqa.selenium.StaleElementReferenceException: stale element reference: stale element not found in the current frame
  (Session info: chrome=146.0.7680.178)
For documentation on this error, please visit: https://www.selenium.dev/documentation/webdriver/troubleshooting/errors#staleelementreferenceexception
Build info: version: '4.41.0', revision: '9fc754f'
System info: os.name: 'Windows 11', os.arch: 'amd64', os.version: '10.0', java.version: '21'
Driver info: org.openqa.selenium.chrome.ChromeDriver
Command: [1e61e0cb4dca5307b4b65e89356c976b, clickElement {id=f.57A5F72F0FA0B78F07627A87819C24D8.d.3A0E96A7FF617971BF124712A92089F3.e.116}]
Capabilities {acceptInsecureCerts: false, browserName: chrome, browserVersion: 146.0.7680.178, chrome: {chromedriverVersion: 146.0.7680.165 (4b989da09e1..., userDataDir: C:\Users\2481415\AppData\Lo...}, fedcm:accounts: true, goog:chromeOptions: {debuggerAddress: localhost:54133}, goog:processID: 24144, networkConnectionEnabled: false, pageLoadStrategy: normal, platformName: windows, proxy: Proxy(), se:cdp: ws://localhost:54133/devtoo..., se:cdpVersion: 146.0.7680.178, setWindowRect: true, strictFileInteractability: false, timeouts: {implicit: 0, pageLoad: 300000, script: 30000}, unhandledPromptBehavior: dismiss and notify, webauthn:extension:credBlob: true, webauthn:extension:largeBlob: true, webauthn:extension:minPinLength: true, webauthn:extension:prf: true, webauthn:virtualAuthenticators: true}
Element: [[ChromeDriver: chrome on windows (1e61e0cb4dca5307b4b65e89356c976b)] -> xpath: //p[contains(text(),'New Delhi')]]
Session ID: 1e61e0cb4dca5307b4b65e89356c976b
at org.openqa.selenium.remote.ErrorCodec.decode(ErrorCodec.java:169)
at org.openqa.selenium.remote.codec.w3c.W3CHttpResponseCodec.decode(W3CHttpResponseCodec.java:142)
at org.openqa.selenium.remote.codec.w3c.W3CHttpResponseCodec.decode(W3CHttpResponseCodec.java:49)
at org.openqa.selenium.remote.HttpCommandExecutor.execute(HttpCommandExecutor.java:223)
at org.openqa.selenium.remote.service.DriverCommandExecutor.invokeExecute(DriverCommandExecutor.java:216)
at org.openqa.selenium.remote.service.DriverCommandExecutor.execute(DriverCommandExecutor.java:174)
at org.openqa.selenium.remote.RemoteWebDriver.execute(RemoteWebDriver.java:604)
at org.openqa.selenium.remote.RemoteWebElement.execute(RemoteWebElement.java:223)
at org.openqa.selenium.remote.RemoteWebElement.click(RemoteWebElement.java:76)
at org.ClearTrip.com.pages.FlightBookingFilters.Page_02_TravellersCount.enter_tripdetails(Page_02_TravellersCount.java:94)
at org.ClearTrip.tests.FlightBookingFiltersTest.TC05AirlineFilter_Test.excel_task(TC05AirlineFilter_Test.java:20)
at java.base/java.util.ArrayList.forEach(ArrayList.java:1596)
at com.intellij.rt.testng.IDEARemoteTestNG.run(IDEARemoteTestNG.java:65)
at com.intellij.rt.testng.RemoteTestNGStarter.main(RemoteTestNGStarter.java:105)
... Removed 22 stack frames]]>
    </failure>
  </testcase> <!-- excel_task -->
  <testcase classname="org.ClearTrip.tests.FlightBookingValidationTest.TC05_FlightDetailsPrintTest" name="FlightDetailsPrintTest" time="14.724"/>
  <testcase classname="org.ClearTrip.tests.HotelBookingFunctsPricesTest.T6_HotelListingPageTest" name="validateExcelSheet" time="13.401"/>
</testsuite> <!-- All Automations -->
