<?xml version="1.0" encoding="UTF-8"?>
<!-- Generated by org.testng.reporters.JUnitXMLReporter -->
<testsuite ignored="0" hostname="LTIN699678" failures="3" tests="21" name="All Automations" time="793.904" errors="0" timestamp="2026-05-06T18:05:16 IST">
  <testcase classname="org.ClearTrip.tests.HotelBookingFunctsPricesTest.CheckAmenitiesTest" name="validateAmenities" time="16.277"/>
  <testcase classname="org.ClearTrip.tests.HotelBookingFiltersTest.TC_01_StarCategory" name="testclass" time="10.427"/>
  <testcase classname="org.ClearTrip.tests.FlightBookingFiltersTest.TC01EmptyDestination_Test" name="testCruiseFlow" time="1.425"/>
  <testcase classname="org.ClearTrip.tests.FlightBookingValidationTest.TC01_FlightValidationTest" name="FlightPageValidation" time="18.842"/>
  <testcase classname="org.ClearTrip.tests.HotelBookingFunctsPricesTest.FilterHotelsInNiarobiaTest" name="assertionPerform" time="9.415"/>
  <testcase classname="org.ClearTrip.tests.HotelBookingFiltersTest.TC_02_GuestRating" name="testclass01" time="11.197"/>
  <testcase classname="org.ClearTrip.tests.FlightBookingFiltersTest.TC02TravellersCount_Test" name="travellers_count" time="12.312"/>
  <testcase classname="org.ClearTrip.tests.FlightBookingValidationTest.TC02_InvalidDataTest" name="FlightValidation" time="15.282">
    <failure type="org.openqa.selenium.TimeoutException" message="Expected condition failed: waiting for element to be clickable, but the element was not found: org.openqa.selenium.NoSuchElementException: no such element: Unable to locate element: {&amp;quot;method&amp;quot;:&amp;quot;xpath&amp;quot;,&amp;quot;selector&amp;quot;:&amp;quot;//*[local-name()=&amp;apos;svg&amp;apos; and @data-testid=&amp;apos;closeIcon&amp;apos;]&amp;quot;}.
(tried for 15 seconds with 500 milliseconds interval)
Build info: version: &amp;apos;4.41.0&amp;apos;, revision: &amp;apos;9fc754f&amp;apos;
System info: os.name: &amp;apos;Windows 11&amp;apos;, os.arch: &amp;apos;amd64&amp;apos;, os.version: &amp;apos;10.0&amp;apos;, java.version: &amp;apos;21&amp;apos;
Driver info: org.openqa.selenium.chrome.ChromeDriver
Capabilities {acceptInsecureCerts: false, browserName: chrome, browserVersion: 146.0.7680.178, chrome: {chromedriverVersion: 146.0.7680.165 (4b989da09e1..., userDataDir: C:\Users\2481415\AppData\Lo...}, fedcm:accounts: true, goog:chromeOptions: {debuggerAddress: localhost:49240}, goog:processID: 3076, networkConnectionEnabled: false, pageLoadStrategy: normal, platformName: windows, proxy: Proxy(), se:cdp: ws://localhost:49240/devtoo..., se:cdpVersion: 146.0.7680.178, setWindowRect: true, strictFileInteractability: false, timeouts: {implicit: 0, pageLoad: 300000, script: 30000}, unhandledPromptBehavior: dismiss and notify, webauthn:extension:credBlob: true, webauthn:extension:largeBlob: true, webauthn:extension:minPinLength: true, webauthn:extension:prf: true, webauthn:virtualAuthenticators: true}
Session ID: b87890a48eca96910a8f36cd0a5de689">
      <![CDATA[org.openqa.selenium.TimeoutException: Expected condition failed: waiting for element to be clickable, but the element was not found: org.openqa.selenium.NoSuchElementException: no such element: Unable to locate element: {"method":"xpath","selector":"//*[local-name()='svg' and @data-testid='closeIcon']"}.
(tried for 15 seconds with 500 milliseconds interval)
Build info: version: '4.41.0', revision: '9fc754f'
System info: os.name: 'Windows 11', os.arch: 'amd64', os.version: '10.0', java.version: '21'
Driver info: org.openqa.selenium.chrome.ChromeDriver
Capabilities {acceptInsecureCerts: false, browserName: chrome, browserVersion: 146.0.7680.178, chrome: {chromedriverVersion: 146.0.7680.165 (4b989da09e1..., userDataDir: C:\Users\2481415\AppData\Lo...}, fedcm:accounts: true, goog:chromeOptions: {debuggerAddress: localhost:49240}, goog:processID: 3076, networkConnectionEnabled: false, pageLoadStrategy: normal, platformName: windows, proxy: Proxy(), se:cdp: ws://localhost:49240/devtoo..., se:cdpVersion: 146.0.7680.178, setWindowRect: true, strictFileInteractability: false, timeouts: {implicit: 0, pageLoad: 300000, script: 30000}, unhandledPromptBehavior: dismiss and notify, webauthn:extension:credBlob: true, webauthn:extension:largeBlob: true, webauthn:extension:minPinLength: true, webauthn:extension:prf: true, webauthn:virtualAuthenticators: true}
Session ID: b87890a48eca96910a8f36cd0a5de689
at org.openqa.selenium.support.ui.WebDriverWait.timeoutException(WebDriverWait.java:85)
at org.openqa.selenium.support.ui.FluentWait.until(FluentWait.java:233)
at org.ClearTrip.com.pages.FlightBookingValidations.Page_01_FlightValidation.closePopUp(Page_01_FlightValidation.java:48)
at org.ClearTrip.tests.FlightBookingValidationTest.TC02_InvalidDataTest.FlightValidation(TC02_InvalidDataTest.java:14)
at java.base/java.util.ArrayList.forEach(ArrayList.java:1596)
at com.intellij.rt.testng.IDEARemoteTestNG.run(IDEARemoteTestNG.java:65)
at com.intellij.rt.testng.RemoteTestNGStarter.main(RemoteTestNGStarter.java:105)
... Removed 22 stack frames]]>
    </failure>
  </testcase> <!-- FlightValidation -->
  <testcase classname="org.ClearTrip.tests.HotelBookingFunctsPricesTest.HotelListingPageTest" name="validateExcelSheet" time="11.901"/>
  <testcase classname="org.ClearTrip.tests.HotelBookingFiltersTest.TC_03_Amenities" name="Amenities" time="36.013">
    <failure type="java.lang.AssertionError" message=" Amenities filter is NOT applied correctly expected [true] but found [false]">
      <![CDATA[java.lang.AssertionError:  Amenities filter is NOT applied correctly expected [true] but found [false]
at org.ClearTrip.tests.HotelBookingFiltersTest.TC_03_Amenities.Amenities(TC_03_Amenities.java:20)
at java.base/java.util.ArrayList.forEach(ArrayList.java:1596)
at com.intellij.rt.testng.IDEARemoteTestNG.run(IDEARemoteTestNG.java:65)
at com.intellij.rt.testng.RemoteTestNGStarter.main(RemoteTestNGStarter.java:105)
... Removed 25 stack frames]]>
    </failure>
  </testcase> <!-- Amenities -->
  <testcase classname="org.ClearTrip.tests.FlightBookingFiltersTest.TC03FilterOnArrivalTime_Test" name="filerArrivalTime" time="11.965"/>
  <testcase classname="org.ClearTrip.tests.FlightBookingValidationTest.TC03_FlightSearchTest" name="FlightValidation" time="8.639"/>
  <testcase classname="org.ClearTrip.tests.HotelBookingFunctsPricesTest.PassengerDetailsContinuePayTest" name="validatePassengerDCP" time="32.0"/>
  <testcase classname="org.ClearTrip.tests.HotelBookingFiltersTest.TC_04_Propertytype" name="propertyfilter" time="10.51"/>
  <testcase classname="org.ClearTrip.tests.FlightBookingFiltersTest.TC04SpecialFare_Test" name="specialfare" time="16.006"/>
  <testcase classname="org.ClearTrip.tests.FlightBookingValidationTest.TC04_FlightFilterTest" name="FlightFilter" time="15.664"/>
  <testcase classname="org.ClearTrip.tests.HotelBookingFunctsPricesTest.SelectHotelTest" name="validateSelectHotel" time="10.238">
    <failure type="java.lang.AssertionError" message="Validation Failed expected [true] but found [false]">
      <![CDATA[java.lang.AssertionError: Validation Failed expected [true] but found [false]
at org.ClearTrip.tests.HotelBookingFunctsPricesTest.SelectHotelTest.validateSelectHotel(SelectHotelTest.java:16)
at java.base/java.util.ArrayList.forEach(ArrayList.java:1596)
at com.intellij.rt.testng.IDEARemoteTestNG.run(IDEARemoteTestNG.java:65)
at com.intellij.rt.testng.RemoteTestNGStarter.main(RemoteTestNGStarter.java:105)
... Removed 25 stack frames]]>
    </failure>
  </testcase> <!-- validateSelectHotel -->
  <testcase classname="org.ClearTrip.tests.HotelBookingFiltersTest.TC_05_Deals" name="Dealfilter" time="11.672"/>
  <testcase classname="org.ClearTrip.tests.FlightBookingFiltersTest.TC05AirlineFilter_Test" name="excel_task" time="12.105"/>
  <testcase classname="org.ClearTrip.tests.FlightBookingValidationTest.TC05_FlightDetailsPrintTest" name="FlightDetailsPrintTest" time="12.995"/>
  <testcase classname="org.ClearTrip.tests.HotelBookingFunctsPricesTest.SelectRoomPriceTest" name="validateSelectRoomPrice" time="23.417"/>
</testsuite> <!-- All Automations -->
