<?xml version="1.0" encoding="UTF-8"?>
<testng-results ignored="0" total="21" passed="18" failed="3" skipped="0">
  <reporter-output>
  </reporter-output>
  <suite started-at="2026-05-06T17:52:02 IST" name="Minimum Suite" finished-at="2026-05-06T18:05:16 IST" duration-ms="793904">
    <groups>
    </groups>
    <test started-at="2026-05-06T17:52:02 IST" name="All Automations" finished-at="2026-05-06T18:05:16 IST" duration-ms="793904">
      <class name="org.ClearTrip.tests.FlightBookingValidationTest.TC01_FlightValidationTest">
        <test-method is-config="true" signature="setUp()[pri:0, instance:org.ClearTrip.tests.FlightBookingValidationTest.TC01_FlightValidationTest@6404f418]" started-at="2026-05-06T17:53:28 IST" name="setUp" finished-at="2026-05-06T17:53:46 IST" duration-ms="17826" status="PASS">
          <reporter-output>
          </reporter-output>
        </test-method> <!-- setUp -->
        <test-method signature="FlightPageValidation()[pri:0, instance:org.ClearTrip.tests.FlightBookingValidationTest.TC01_FlightValidationTest@6404f418]" started-at="2026-05-06T17:53:46 IST" name="FlightPageValidation" finished-at="2026-05-06T17:54:05 IST" duration-ms="18842" status="PASS">
          <reporter-output>
          </reporter-output>
        </test-method> <!-- FlightPageValidation -->
        <test-method is-config="true" signature="tearDown(org.testng.ITestResult)[pri:0, instance:org.ClearTrip.tests.FlightBookingValidationTest.TC01_FlightValidationTest@6404f418]" started-at="2026-05-06T17:54:05 IST" name="tearDown" finished-at="2026-05-06T17:54:09 IST" duration-ms="3712" status="PASS">
          <params>
            <param index="0">
              <value>
                <![CDATA[[TestResult name=FlightPageValidation status=SUCCESS method=TC01_FlightValidationTest.FlightPageValidation()[pri:0, instance:org.ClearTrip.tests.FlightBookingValidationTest.TC01_FlightValidationTest@6404f418] output={null}]]]>
              </value>
            </param>
          </params>
          <reporter-output>
          </reporter-output>
        </test-method> <!-- tearDown -->
      </class> <!-- org.ClearTrip.tests.FlightBookingValidationTest.TC01_FlightValidationTest -->
      <class name="org.ClearTrip.tests.HotelBookingFunctsPricesTest.SelectHotelTest">
        <test-method is-config="true" signature="setUp()[pri:0, instance:org.ClearTrip.tests.HotelBookingFunctsPricesTest.SelectHotelTest@20f5239f]" started-at="2026-05-06T18:02:42 IST" name="setUp" finished-at="2026-05-06T18:02:54 IST" duration-ms="11680" status="PASS">
          <reporter-output>
          </reporter-output>
        </test-method> <!-- setUp -->
        <test-method signature="validateSelectHotel()[pri:0, instance:org.ClearTrip.tests.HotelBookingFunctsPricesTest.SelectHotelTest@20f5239f]" started-at="2026-05-06T18:02:54 IST" name="validateSelectHotel" finished-at="2026-05-06T18:03:04 IST" duration-ms="10238" status="FAIL">
          <exception class="java.lang.AssertionError">
            <message>
              <![CDATA[Validation Failed expected [true] but found [false]]]>
            </message>
            <full-stacktrace>
              <![CDATA[java.lang.AssertionError: Validation Failed expected [true] but found [false]
at org.testng.Assert.fail(Assert.java:111)
at org.testng.Assert.failNotEquals(Assert.java:1590)
at org.testng.Assert.assertTrue(Assert.java:57)
at org.ClearTrip.tests.HotelBookingFunctsPricesTest.SelectHotelTest.validateSelectHotel(SelectHotelTest.java:16)
at java.base/jdk.internal.reflect.DirectMethodHandleAccessor.invoke(DirectMethodHandleAccessor.java:103)
at java.base/java.lang.reflect.Method.invoke(Method.java:580)
at org.testng.internal.invokers.MethodInvocationHelper.invokeMethod(MethodInvocationHelper.java:141)
at org.testng.internal.invokers.TestInvoker.invokeMethod(TestInvoker.java:697)
at org.testng.internal.invokers.TestInvoker.invokeTestMethod(TestInvoker.java:230)
at org.testng.internal.invokers.MethodRunner.runInSequence(MethodRunner.java:63)
at org.testng.internal.invokers.TestInvoker$MethodInvocationAgent.invoke(TestInvoker.java:1005)
at org.testng.internal.invokers.TestInvoker.invokeTestMethods(TestInvoker.java:203)
at org.testng.internal.invokers.TestMethodWorker.invokeTestMethods(TestMethodWorker.java:154)
at org.testng.internal.invokers.TestMethodWorker.run(TestMethodWorker.java:134)
at java.base/java.util.ArrayList.forEach(ArrayList.java:1596)
at org.testng.TestRunner.privateRun(TestRunner.java:744)
at org.testng.TestRunner.run(TestRunner.java:616)
at org.testng.SuiteRunner.runTest(SuiteRunner.java:421)
at org.testng.SuiteRunner.runSequentially(SuiteRunner.java:413)
at org.testng.SuiteRunner.privateRun(SuiteRunner.java:373)
at org.testng.SuiteRunner.run(SuiteRunner.java:312)
at org.testng.SuiteRunnerWorker.runSuite(SuiteRunnerWorker.java:52)
at org.testng.SuiteRunnerWorker.run(SuiteRunnerWorker.java:95)
at org.testng.TestNG.runSuitesSequentially(TestNG.java:1274)
at org.testng.TestNG.runSuitesLocally(TestNG.java:1208)
at org.testng.TestNG.runSuites(TestNG.java:1112)
at org.testng.TestNG.run(TestNG.java:1079)
at com.intellij.rt.testng.IDEARemoteTestNG.run(IDEARemoteTestNG.java:65)
at com.intellij.rt.testng.RemoteTestNGStarter.main(RemoteTestNGStarter.java:105)
]]>
            </full-stacktrace>
          </exception> <!-- java.lang.AssertionError -->
          <reporter-output>
          </reporter-output>
        </test-method> <!-- validateSelectHotel -->
        <test-method is-config="true" signature="tearDown(org.testng.ITestResult)[pri:0, instance:org.ClearTrip.tests.HotelBookingFunctsPricesTest.SelectHotelTest@20f5239f]" started-at="2026-05-06T18:03:04 IST" name="tearDown" finished-at="2026-05-06T18:03:09 IST" duration-ms="4385" status="PASS">
          <params>
            <param index="0">
              <value>
                <![CDATA[[TestResult name=validateSelectHotel status=FAILURE method=SelectHotelTest.validateSelectHotel()[pri:0, instance:org.ClearTrip.tests.HotelBookingFunctsPricesTest.SelectHotelTest@20f5239f] output={null}]]]>
              </value>
            </param>
          </params>
          <reporter-output>
          </reporter-output>
        </test-method> <!-- tearDown -->
      </class> <!-- org.ClearTrip.tests.HotelBookingFunctsPricesTest.SelectHotelTest -->
      <class name="org.ClearTrip.tests.HotelBookingFiltersTest.TC_05_Deals">
        <test-method is-config="true" signature="setUp()[pri:0, instance:org.ClearTrip.tests.HotelBookingFiltersTest.TC_05_Deals@f736069]" started-at="2026-05-06T18:03:09 IST" name="setUp" finished-at="2026-05-06T18:03:21 IST" duration-ms="12272" status="PASS">
          <reporter-output>
          </reporter-output>
        </test-method> <!-- setUp -->
        <test-method signature="Dealfilter()[pri:0, instance:org.ClearTrip.tests.HotelBookingFiltersTest.TC_05_Deals@f736069]" started-at="2026-05-06T18:03:21 IST" name="Dealfilter" finished-at="2026-05-06T18:03:33 IST" duration-ms="11672" status="PASS">
          <reporter-output>
          </reporter-output>
        </test-method> <!-- Dealfilter -->
        <test-method is-config="true" signature="tearDown(org.testng.ITestResult)[pri:0, instance:org.ClearTrip.tests.HotelBookingFiltersTest.TC_05_Deals@f736069]" started-at="2026-05-06T18:03:33 IST" name="tearDown" finished-at="2026-05-06T18:03:38 IST" duration-ms="5397" status="PASS">
          <params>
            <param index="0">
              <value>
                <![CDATA[[TestResult name=Dealfilter status=SUCCESS method=TC_05_Deals.Dealfilter()[pri:0, instance:org.ClearTrip.tests.HotelBookingFiltersTest.TC_05_Deals@f736069] output={null}]]]>
              </value>
            </param>
          </params>
          <reporter-output>
          </reporter-output>
        </test-method> <!-- tearDown -->
      </class> <!-- org.ClearTrip.tests.HotelBookingFiltersTest.TC_05_Deals -->
      <class name="org.ClearTrip.tests.HotelBookingFunctsPricesTest.PassengerDetailsContinuePayTest">
        <test-method is-config="true" signature="setUp()[pri:0, instance:org.ClearTrip.tests.HotelBookingFunctsPricesTest.PassengerDetailsContinuePayTest@49912c99]" started-at="2026-05-06T18:00:15 IST" name="setUp" finished-at="2026-05-06T18:00:28 IST" duration-ms="13165" status="PASS">
          <reporter-output>
          </reporter-output>
        </test-method> <!-- setUp -->
        <test-method signature="validatePassengerDCP()[pri:0, instance:org.ClearTrip.tests.HotelBookingFunctsPricesTest.PassengerDetailsContinuePayTest@49912c99]" started-at="2026-05-06T18:00:28 IST" name="validatePassengerDCP" finished-at="2026-05-06T18:01:00 IST" duration-ms="32000" status="PASS">
          <reporter-output>
          </reporter-output>
        </test-method> <!-- validatePassengerDCP -->
        <test-method is-config="true" signature="tearDown(org.testng.ITestResult)[pri:0, instance:org.ClearTrip.tests.HotelBookingFunctsPricesTest.PassengerDetailsContinuePayTest@49912c99]" started-at="2026-05-06T18:01:00 IST" name="tearDown" finished-at="2026-05-06T18:01:06 IST" duration-ms="5906" status="PASS">
          <params>
            <param index="0">
              <value>
                <![CDATA[[TestResult name=validatePassengerDCP status=SUCCESS method=PassengerDetailsContinuePayTest.validatePassengerDCP()[pri:0, instance:org.ClearTrip.tests.HotelBookingFunctsPricesTest.PassengerDetailsContinuePayTest@49912c99] output={null}]]]>
              </value>
            </param>
          </params>
          <reporter-output>
          </reporter-output>
        </test-method> <!-- tearDown -->
      </class> <!-- org.ClearTrip.tests.HotelBookingFunctsPricesTest.PassengerDetailsContinuePayTest -->
      <class name="org.ClearTrip.tests.FlightBookingValidationTest.TC03_FlightSearchTest">
        <test-method is-config="true" signature="setUp()[pri:0, instance:org.ClearTrip.tests.FlightBookingValidationTest.TC03_FlightSearchTest@47e2e487]" started-at="2026-05-06T17:59:48 IST" name="setUp" finished-at="2026-05-06T18:00:00 IST" duration-ms="11974" status="PASS">
          <reporter-output>
          </reporter-output>
        </test-method> <!-- setUp -->
        <test-method signature="FlightValidation()[pri:0, instance:org.ClearTrip.tests.FlightBookingValidationTest.TC03_FlightSearchTest@47e2e487]" started-at="2026-05-06T18:00:00 IST" name="FlightValidation" finished-at="2026-05-06T18:00:09 IST" duration-ms="8639" status="PASS">
          <reporter-output>
          </reporter-output>
        </test-method> <!-- FlightValidation -->
        <test-method is-config="true" signature="tearDown(org.testng.ITestResult)[pri:0, instance:org.ClearTrip.tests.FlightBookingValidationTest.TC03_FlightSearchTest@47e2e487]" started-at="2026-05-06T18:00:09 IST" name="tearDown" finished-at="2026-05-06T18:00:15 IST" duration-ms="5673" status="PASS">
          <params>
            <param index="0">
              <value>
                <![CDATA[[TestResult name=FlightValidation status=SUCCESS method=TC03_FlightSearchTest.FlightValidation()[pri:0, instance:org.ClearTrip.tests.FlightBookingValidationTest.TC03_FlightSearchTest@47e2e487] output={null}]]]>
              </value>
            </param>
          </params>
          <reporter-output>
          </reporter-output>
        </test-method> <!-- tearDown -->
      </class> <!-- org.ClearTrip.tests.FlightBookingValidationTest.TC03_FlightSearchTest -->
      <class name="org.ClearTrip.tests.FlightBookingValidationTest.TC02_InvalidDataTest">
        <test-method is-config="true" signature="setUp()[pri:0, instance:org.ClearTrip.tests.FlightBookingValidationTest.TC02_InvalidDataTest@437da279]" started-at="2026-05-06T17:55:29 IST" name="setUp" finished-at="2026-05-06T17:57:32 IST" duration-ms="123047" status="PASS">
          <reporter-output>
          </reporter-output>
        </test-method> <!-- setUp -->
        <test-method signature="FlightValidation()[pri:0, instance:org.ClearTrip.tests.FlightBookingValidationTest.TC02_InvalidDataTest@437da279]" started-at="2026-05-06T17:57:32 IST" name="FlightValidation" finished-at="2026-05-06T17:57:48 IST" duration-ms="15282" status="FAIL">
          <exception class="org.openqa.selenium.TimeoutException">
            <message>
              <![CDATA[Expected condition failed: waiting for element to be clickable, but the element was not found: org.openqa.selenium.NoSuchElementException: no such element: Unable to locate element: {"method":"xpath","selector":"//*[local-name()='svg' and @data-testid='closeIcon']"}.
(tried for 15 seconds with 500 milliseconds interval)
Build info: version: '4.41.0', revision: '9fc754f'
System info: os.name: 'Windows 11', os.arch: 'amd64', os.version: '10.0', java.version: '21'
Driver info: org.openqa.selenium.chrome.ChromeDriver
Capabilities {acceptInsecureCerts: false, browserName: chrome, browserVersion: 146.0.7680.178, chrome: {chromedriverVersion: 146.0.7680.165 (4b989da09e1..., userDataDir: C:\Users\2481415\AppData\Lo...}, fedcm:accounts: true, goog:chromeOptions: {debuggerAddress: localhost:49240}, goog:processID: 3076, networkConnectionEnabled: false, pageLoadStrategy: normal, platformName: windows, proxy: Proxy(), se:cdp: ws://localhost:49240/devtoo..., se:cdpVersion: 146.0.7680.178, setWindowRect: true, strictFileInteractability: false, timeouts: {implicit: 0, pageLoad: 300000, script: 30000}, unhandledPromptBehavior: dismiss and notify, webauthn:extension:credBlob: true, webauthn:extension:largeBlob: true, webauthn:extension:minPinLength: true, webauthn:extension:prf: true, webauthn:virtualAuthenticators: true}
Session ID: b87890a48eca96910a8f36cd0a5de689]]>
            </message>
            <full-stacktrace>
              <![CDATA[org.openqa.selenium.TimeoutException: Expected condition failed: waiting for element to be clickable, but the element was not found: org.openqa.selenium.NoSuchElementException: no such element: Unable to locate element: {"method":"xpath","selector":"//*[local-name()='svg' and @data-testid='closeIcon']"}.
(tried for 15 seconds with 500 milliseconds interval)
Build info: version: '4.41.0', revision: '9fc754f'
System info: os.name: 'Windows 11', os.arch: 'amd64', os.version: '10.0', java.version: '21'
Driver info: org.openqa.selenium.chrome.ChromeDriver
Capabilities {acceptInsecureCerts: false, browserName: chrome, browserVersion: 146.0.7680.178, chrome: {chromedriverVersion: 146.0.7680.165 (4b989da09e1..., userDataDir: C:\Users\2481415\AppData\Lo...}, fedcm:accounts: true, goog:chromeOptions: {debuggerAddress: localhost:49240}, goog:processID: 3076, networkConnectionEnabled: false, pageLoadStrategy: normal, platformName: windows, proxy: Proxy(), se:cdp: ws://localhost:49240/devtoo..., se:cdpVersion: 146.0.7680.178, setWindowRect: true, strictFileInteractability: false, timeouts: {implicit: 0, pageLoad: 300000, script: 30000}, unhandledPromptBehavior: dismiss and notify, webauthn:extension:credBlob: true, webauthn:extension:largeBlob: true, webauthn:extension:minPinLength: true, webauthn:extension:prf: true, webauthn:virtualAuthenticators: true}
Session ID: b87890a48eca96910a8f36cd0a5de689
at org.openqa.selenium.support.ui.WebDriverWait.timeoutException(WebDriverWait.java:85)
at org.openqa.selenium.support.ui.FluentWait.until(FluentWait.java:233)
at org.ClearTrip.com.pages.FlightBookingValidations.Page_01_FlightValidation.closePopUp(Page_01_FlightValidation.java:48)
at org.ClearTrip.tests.FlightBookingValidationTest.TC02_InvalidDataTest.FlightValidation(TC02_InvalidDataTest.java:14)
at java.base/jdk.internal.reflect.DirectMethodHandleAccessor.invoke(DirectMethodHandleAccessor.java:103)
at java.base/java.lang.reflect.Method.invoke(Method.java:580)
at org.testng.internal.invokers.MethodInvocationHelper.invokeMethod(MethodInvocationHelper.java:141)
at org.testng.internal.invokers.TestInvoker.invokeMethod(TestInvoker.java:697)
at org.testng.internal.invokers.TestInvoker.invokeTestMethod(TestInvoker.java:230)
at org.testng.internal.invokers.MethodRunner.runInSequence(MethodRunner.java:63)
at org.testng.internal.invokers.TestInvoker$MethodInvocationAgent.invoke(TestInvoker.java:1005)
at org.testng.internal.invokers.TestInvoker.invokeTestMethods(TestInvoker.java:203)
at org.testng.internal.invokers.TestMethodWorker.invokeTestMethods(TestMethodWorker.java:154)
at org.testng.internal.invokers.TestMethodWorker.run(TestMethodWorker.java:134)
at java.base/java.util.ArrayList.forEach(ArrayList.java:1596)
at org.testng.TestRunner.privateRun(TestRunner.java:744)
at org.testng.TestRunner.run(TestRunner.java:616)
at org.testng.SuiteRunner.runTest(SuiteRunner.java:421)
at org.testng.SuiteRunner.runSequentially(SuiteRunner.java:413)
at org.testng.SuiteRunner.privateRun(SuiteRunner.java:373)
at org.testng.SuiteRunner.run(SuiteRunner.java:312)
at org.testng.SuiteRunnerWorker.runSuite(SuiteRunnerWorker.java:52)
at org.testng.SuiteRunnerWorker.run(SuiteRunnerWorker.java:95)
at org.testng.TestNG.runSuitesSequentially(TestNG.java:1274)
at org.testng.TestNG.runSuitesLocally(TestNG.java:1208)
at org.testng.TestNG.runSuites(TestNG.java:1112)
at org.testng.TestNG.run(TestNG.java:1079)
at com.intellij.rt.testng.IDEARemoteTestNG.run(IDEARemoteTestNG.java:65)
at com.intellij.rt.testng.RemoteTestNGStarter.main(RemoteTestNGStarter.java:105)
]]>
            </full-stacktrace>
          </exception> <!-- org.openqa.selenium.TimeoutException -->
          <reporter-output>
          </reporter-output>
        </test-method> <!-- FlightValidation -->
        <test-method is-config="true" signature="tearDown(org.testng.ITestResult)[pri:0, instance:org.ClearTrip.tests.FlightBookingValidationTest.TC02_InvalidDataTest@437da279]" started-at="2026-05-06T17:57:48 IST" name="tearDown" finished-at="2026-05-06T17:57:50 IST" duration-ms="2603" status="PASS">
          <params>
            <param index="0">
              <value>
                <![CDATA[[TestResult name=FlightValidation status=FAILURE method=TC02_InvalidDataTest.FlightValidation()[pri:0, instance:org.ClearTrip.tests.FlightBookingValidationTest.TC02_InvalidDataTest@437da279] output={null}]]]>
              </value>
            </param>
          </params>
          <reporter-output>
          </reporter-output>
        </test-method> <!-- tearDown -->
      </class> <!-- org.ClearTrip.tests.FlightBookingValidationTest.TC02_InvalidDataTest -->
      <class name="org.ClearTrip.tests.FlightBookingFiltersTest.TC02TravellersCount_Test">
        <test-method is-config="true" signature="setUp()[pri:0, instance:org.ClearTrip.tests.FlightBookingFiltersTest.TC02TravellersCount_Test@1e04fa0a]" started-at="2026-05-06T17:55:01 IST" name="setUp" finished-at="2026-05-06T17:55:14 IST" duration-ms="13374" status="PASS">
          <reporter-output>
          </reporter-output>
        </test-method> <!-- setUp -->
        <test-method signature="travellers_count()[pri:0, instance:org.ClearTrip.tests.FlightBookingFiltersTest.TC02TravellersCount_Test@1e04fa0a]" started-at="2026-05-06T17:55:14 IST" name="travellers_count" finished-at="2026-05-06T17:55:26 IST" duration-ms="12312" status="PASS">
          <reporter-output>
          </reporter-output>
        </test-method> <!-- travellers_count -->
        <test-method is-config="true" signature="tearDown(org.testng.ITestResult)[pri:0, instance:org.ClearTrip.tests.FlightBookingFiltersTest.TC02TravellersCount_Test@1e04fa0a]" started-at="2026-05-06T17:55:26 IST" name="tearDown" finished-at="2026-05-06T17:55:29 IST" duration-ms="3027" status="PASS">
          <params>
            <param index="0">
              <value>
                <![CDATA[[TestResult name=travellers_count status=SUCCESS method=TC02TravellersCount_Test.travellers_count()[pri:0, instance:org.ClearTrip.tests.FlightBookingFiltersTest.TC02TravellersCount_Test@1e04fa0a] output={null}]]]>
              </value>
            </param>
          </params>
          <reporter-output>
          </reporter-output>
        </test-method> <!-- tearDown -->
      </class> <!-- org.ClearTrip.tests.FlightBookingFiltersTest.TC02TravellersCount_Test -->
      <class name="org.ClearTrip.tests.FlightBookingFiltersTest.TC05AirlineFilter_Test">
        <test-method is-config="true" signature="setUp()[pri:0, instance:org.ClearTrip.tests.FlightBookingFiltersTest.TC05AirlineFilter_Test@434a63ab]" started-at="2026-05-06T18:03:38 IST" name="setUp" finished-at="2026-05-06T18:03:50 IST" duration-ms="12151" status="PASS">
          <reporter-output>
          </reporter-output>
        </test-method> <!-- setUp -->
        <test-method signature="excel_task()[pri:0, instance:org.ClearTrip.tests.FlightBookingFiltersTest.TC05AirlineFilter_Test@434a63ab]" started-at="2026-05-06T18:03:50 IST" name="excel_task" finished-at="2026-05-06T18:04:02 IST" duration-ms="12105" status="PASS">
          <reporter-output>
          </reporter-output>
        </test-method> <!-- excel_task -->
        <test-method is-config="true" signature="tearDown(org.testng.ITestResult)[pri:0, instance:org.ClearTrip.tests.FlightBookingFiltersTest.TC05AirlineFilter_Test@434a63ab]" started-at="2026-05-06T18:04:02 IST" name="tearDown" finished-at="2026-05-06T18:04:07 IST" duration-ms="4510" status="PASS">
          <params>
            <param index="0">
              <value>
                <![CDATA[[TestResult name=excel_task status=SUCCESS method=TC05AirlineFilter_Test.excel_task()[pri:0, instance:org.ClearTrip.tests.FlightBookingFiltersTest.TC05AirlineFilter_Test@434a63ab] output={null}]]]>
              </value>
            </param>
          </params>
          <reporter-output>
          </reporter-output>
        </test-method> <!-- tearDown -->
      </class> <!-- org.ClearTrip.tests.FlightBookingFiltersTest.TC05AirlineFilter_Test -->
      <class name="org.ClearTrip.tests.HotelBookingFunctsPricesTest.FilterHotelsInNiarobiaTest">
        <test-method is-config="true" signature="setUp()[pri:0, instance:org.ClearTrip.tests.HotelBookingFunctsPricesTest.FilterHotelsInNiarobiaTest@1ba9117e]" started-at="2026-05-06T17:54:09 IST" name="setUp" finished-at="2026-05-06T17:54:20 IST" duration-ms="10989" status="PASS">
          <reporter-output>
          </reporter-output>
        </test-method> <!-- setUp -->
        <test-method signature="assertionPerform()[pri:0, instance:org.ClearTrip.tests.HotelBookingFunctsPricesTest.FilterHotelsInNiarobiaTest@1ba9117e]" started-at="2026-05-06T17:54:20 IST" name="assertionPerform" finished-at="2026-05-06T17:54:29 IST" duration-ms="9415" status="PASS">
          <reporter-output>
          </reporter-output>
        </test-method> <!-- assertionPerform -->
        <test-method is-config="true" signature="tearDown(org.testng.ITestResult)[pri:0, instance:org.ClearTrip.tests.HotelBookingFunctsPricesTest.FilterHotelsInNiarobiaTest@1ba9117e]" started-at="2026-05-06T17:54:29 IST" name="tearDown" finished-at="2026-05-06T17:54:33 IST" duration-ms="3699" status="PASS">
          <params>
            <param index="0">
              <value>
                <![CDATA[[TestResult name=assertionPerform status=SUCCESS method=FilterHotelsInNiarobiaTest.assertionPerform()[pri:0, instance:org.ClearTrip.tests.HotelBookingFunctsPricesTest.FilterHotelsInNiarobiaTest@1ba9117e] output={null}]]]>
              </value>
            </param>
          </params>
          <reporter-output>
          </reporter-output>
        </test-method> <!-- tearDown -->
      </class> <!-- org.ClearTrip.tests.HotelBookingFunctsPricesTest.FilterHotelsInNiarobiaTest -->
      <class name="org.ClearTrip.tests.FlightBookingFiltersTest.TC01EmptyDestination_Test">
        <test-method is-config="true" signature="setUp()[pri:0, instance:org.ClearTrip.tests.FlightBookingFiltersTest.TC01EmptyDestination_Test@3b6ddd1d]" started-at="2026-05-06T17:53:10 IST" name="setUp" finished-at="2026-05-06T17:53:23 IST" duration-ms="13093" status="PASS">
          <reporter-output>
          </reporter-output>
        </test-method> <!-- setUp -->
        <test-method signature="testCruiseFlow()[pri:0, instance:org.ClearTrip.tests.FlightBookingFiltersTest.TC01EmptyDestination_Test@3b6ddd1d]" started-at="2026-05-06T17:53:23 IST" name="testCruiseFlow" finished-at="2026-05-06T17:53:25 IST" duration-ms="1425" status="PASS">
          <reporter-output>
          </reporter-output>
        </test-method> <!-- testCruiseFlow -->
        <test-method is-config="true" signature="tearDown(org.testng.ITestResult)[pri:0, instance:org.ClearTrip.tests.FlightBookingFiltersTest.TC01EmptyDestination_Test@3b6ddd1d]" started-at="2026-05-06T17:53:25 IST" name="tearDown" finished-at="2026-05-06T17:53:28 IST" duration-ms="3370" status="PASS">
          <params>
            <param index="0">
              <value>
                <![CDATA[[TestResult name=testCruiseFlow status=SUCCESS method=TC01EmptyDestination_Test.testCruiseFlow()[pri:0, instance:org.ClearTrip.tests.FlightBookingFiltersTest.TC01EmptyDestination_Test@3b6ddd1d] output={null}]]]>
              </value>
            </param>
          </params>
          <reporter-output>
          </reporter-output>
        </test-method> <!-- tearDown -->
      </class> <!-- org.ClearTrip.tests.FlightBookingFiltersTest.TC01EmptyDestination_Test -->
      <class name="org.ClearTrip.tests.HotelBookingFiltersTest.TC_01_StarCategory">
        <test-method is-config="true" signature="setUp()[pri:0, instance:org.ClearTrip.tests.HotelBookingFiltersTest.TC_01_StarCategory@1e683a3e]" started-at="2026-05-06T17:52:42 IST" name="setUp" finished-at="2026-05-06T17:52:55 IST" duration-ms="13048" status="PASS">
          <reporter-output>
          </reporter-output>
        </test-method> <!-- setUp -->
        <test-method signature="testclass()[pri:0, instance:org.ClearTrip.tests.HotelBookingFiltersTest.TC_01_StarCategory@1e683a3e]" started-at="2026-05-06T17:52:55 IST" name="testclass" finished-at="2026-05-06T17:53:05 IST" duration-ms="10427" status="PASS">
          <reporter-output>
          </reporter-output>
        </test-method> <!-- testclass -->
        <test-method is-config="true" signature="tearDown(org.testng.ITestResult)[pri:0, instance:org.ClearTrip.tests.HotelBookingFiltersTest.TC_01_StarCategory@1e683a3e]" started-at="2026-05-06T17:53:05 IST" name="tearDown" finished-at="2026-05-06T17:53:10 IST" duration-ms="4896" status="PASS">
          <params>
            <param index="0">
              <value>
                <![CDATA[[TestResult name=testclass status=SUCCESS method=TC_01_StarCategory.testclass()[pri:0, instance:org.ClearTrip.tests.HotelBookingFiltersTest.TC_01_StarCategory@1e683a3e] output={null}]]]>
              </value>
            </param>
          </params>
          <reporter-output>
          </reporter-output>
        </test-method> <!-- tearDown -->
      </class> <!-- org.ClearTrip.tests.HotelBookingFiltersTest.TC_01_StarCategory -->
      <class name="org.ClearTrip.tests.HotelBookingFunctsPricesTest.SelectRoomPriceTest">
        <test-method is-config="true" signature="setUp()[pri:0, instance:org.ClearTrip.tests.HotelBookingFunctsPricesTest.SelectRoomPriceTest@15aab8c6]" started-at="2026-05-06T18:04:35 IST" name="setUp" finished-at="2026-05-06T18:04:49 IST" duration-ms="13279" status="PASS">
          <reporter-output>
          </reporter-output>
        </test-method> <!-- setUp -->
        <test-method signature="validateSelectRoomPrice()[pri:0, instance:org.ClearTrip.tests.HotelBookingFunctsPricesTest.SelectRoomPriceTest@15aab8c6]" started-at="2026-05-06T18:04:49 IST" name="validateSelectRoomPrice" finished-at="2026-05-06T18:05:12 IST" duration-ms="23417" status="PASS">
          <reporter-output>
          </reporter-output>
        </test-method> <!-- validateSelectRoomPrice -->
        <test-method is-config="true" signature="tearDown(org.testng.ITestResult)[pri:0, instance:org.ClearTrip.tests.HotelBookingFunctsPricesTest.SelectRoomPriceTest@15aab8c6]" started-at="2026-05-06T18:05:12 IST" name="tearDown" finished-at="2026-05-06T18:05:16 IST" duration-ms="4195" status="PASS">
          <params>
            <param index="0">
              <value>
                <![CDATA[[TestResult name=validateSelectRoomPrice status=SUCCESS method=SelectRoomPriceTest.validateSelectRoomPrice()[pri:0, instance:org.ClearTrip.tests.HotelBookingFunctsPricesTest.SelectRoomPriceTest@15aab8c6] output={null}]]]>
              </value>
            </param>
          </params>
          <reporter-output>
          </reporter-output>
        </test-method> <!-- tearDown -->
      </class> <!-- org.ClearTrip.tests.HotelBookingFunctsPricesTest.SelectRoomPriceTest -->
      <class name="org.ClearTrip.tests.FlightBookingValidationTest.TC05_FlightDetailsPrintTest">
        <test-method is-config="true" signature="setUp()[pri:0, instance:org.ClearTrip.tests.FlightBookingValidationTest.TC05_FlightDetailsPrintTest@72e5a8e]" started-at="2026-05-06T18:04:07 IST" name="setUp" finished-at="2026-05-06T18:04:19 IST" duration-ms="12181" status="PASS">
          <reporter-output>
          </reporter-output>
        </test-method> <!-- setUp -->
        <test-method signature="FlightDetailsPrintTest()[pri:0, instance:org.ClearTrip.tests.FlightBookingValidationTest.TC05_FlightDetailsPrintTest@72e5a8e]" started-at="2026-05-06T18:04:19 IST" name="FlightDetailsPrintTest" finished-at="2026-05-06T18:04:32 IST" duration-ms="12995" status="PASS">
          <reporter-output>
          </reporter-output>
        </test-method> <!-- FlightDetailsPrintTest -->
        <test-method is-config="true" signature="tearDown(org.testng.ITestResult)[pri:0, instance:org.ClearTrip.tests.FlightBookingValidationTest.TC05_FlightDetailsPrintTest@72e5a8e]" started-at="2026-05-06T18:04:32 IST" name="tearDown" finished-at="2026-05-06T18:04:35 IST" duration-ms="3295" status="PASS">
          <params>
            <param index="0">
              <value>
                <![CDATA[[TestResult name=FlightDetailsPrintTest status=SUCCESS method=TC05_FlightDetailsPrintTest.FlightDetailsPrintTest()[pri:0, instance:org.ClearTrip.tests.FlightBookingValidationTest.TC05_FlightDetailsPrintTest@72e5a8e] output={null}]]]>
              </value>
            </param>
          </params>
          <reporter-output>
          </reporter-output>
        </test-method> <!-- tearDown -->
      </class> <!-- org.ClearTrip.tests.FlightBookingValidationTest.TC05_FlightDetailsPrintTest -->
      <class name="org.ClearTrip.tests.HotelBookingFunctsPricesTest.HotelListingPageTest">
        <test-method is-config="true" signature="setUp()[pri:0, instance:org.ClearTrip.tests.HotelBookingFunctsPricesTest.HotelListingPageTest@1613674b]" started-at="2026-05-06T17:57:50 IST" name="setUp" finished-at="2026-05-06T17:58:12 IST" duration-ms="21697" status="PASS">
          <reporter-output>
          </reporter-output>
        </test-method> <!-- setUp -->
        <test-method signature="validateExcelSheet()[pri:0, instance:org.ClearTrip.tests.HotelBookingFunctsPricesTest.HotelListingPageTest@1613674b]" started-at="2026-05-06T17:58:12 IST" name="validateExcelSheet" finished-at="2026-05-06T17:58:24 IST" duration-ms="11901" status="PASS">
          <reporter-output>
          </reporter-output>
        </test-method> <!-- validateExcelSheet -->
        <test-method is-config="true" signature="tearDown(org.testng.ITestResult)[pri:0, instance:org.ClearTrip.tests.HotelBookingFunctsPricesTest.HotelListingPageTest@1613674b]" started-at="2026-05-06T17:58:24 IST" name="tearDown" finished-at="2026-05-06T17:58:28 IST" duration-ms="4603" status="PASS">
          <params>
            <param index="0">
              <value>
                <![CDATA[[TestResult name=validateExcelSheet status=SUCCESS method=HotelListingPageTest.validateExcelSheet()[pri:0, instance:org.ClearTrip.tests.HotelBookingFunctsPricesTest.HotelListingPageTest@1613674b] output={null}]]]>
              </value>
            </param>
          </params>
          <reporter-output>
          </reporter-output>
        </test-method> <!-- tearDown -->
      </class> <!-- org.ClearTrip.tests.HotelBookingFunctsPricesTest.HotelListingPageTest -->
      <class name="org.ClearTrip.tests.HotelBookingFunctsPricesTest.CheckAmenitiesTest">
        <test-method is-config="true" signature="setUp()[pri:0, instance:org.ClearTrip.tests.HotelBookingFunctsPricesTest.CheckAmenitiesTest@c03cf28]" started-at="2026-05-06T17:52:02 IST" name="setUp" finished-at="2026-05-06T17:52:19 IST" duration-ms="16929" status="PASS">
          <reporter-output>
          </reporter-output>
        </test-method> <!-- setUp -->
        <test-method signature="validateAmenities()[pri:0, instance:org.ClearTrip.tests.HotelBookingFunctsPricesTest.CheckAmenitiesTest@c03cf28]" started-at="2026-05-06T17:52:19 IST" name="validateAmenities" finished-at="2026-05-06T17:52:36 IST" duration-ms="16277" status="PASS">
          <reporter-output>
          </reporter-output>
        </test-method> <!-- validateAmenities -->
        <test-method is-config="true" signature="tearDown(org.testng.ITestResult)[pri:0, instance:org.ClearTrip.tests.HotelBookingFunctsPricesTest.CheckAmenitiesTest@c03cf28]" started-at="2026-05-06T17:52:36 IST" name="tearDown" finished-at="2026-05-06T17:52:42 IST" duration-ms="6405" status="PASS">
          <params>
            <param index="0">
              <value>
                <![CDATA[[TestResult name=validateAmenities status=SUCCESS method=CheckAmenitiesTest.validateAmenities()[pri:0, instance:org.ClearTrip.tests.HotelBookingFunctsPricesTest.CheckAmenitiesTest@c03cf28] output={null}]]]>
              </value>
            </param>
          </params>
          <reporter-output>
          </reporter-output>
        </test-method> <!-- tearDown -->
      </class> <!-- org.ClearTrip.tests.HotelBookingFunctsPricesTest.CheckAmenitiesTest -->
      <class name="org.ClearTrip.tests.FlightBookingFiltersTest.TC04SpecialFare_Test">
        <test-method is-config="true" signature="setUp()[pri:0, instance:org.ClearTrip.tests.FlightBookingFiltersTest.TC04SpecialFare_Test@d5b810e]" started-at="2026-05-06T18:01:36 IST" name="setUp" finished-at="2026-05-06T18:01:50 IST" duration-ms="14543" status="PASS">
          <reporter-output>
          </reporter-output>
        </test-method> <!-- setUp -->
        <test-method signature="specialfare()[pri:0, instance:org.ClearTrip.tests.FlightBookingFiltersTest.TC04SpecialFare_Test@d5b810e]" started-at="2026-05-06T18:01:50 IST" name="specialfare" finished-at="2026-05-06T18:02:06 IST" duration-ms="16006" status="PASS">
          <reporter-output>
          </reporter-output>
        </test-method> <!-- specialfare -->
        <test-method is-config="true" signature="tearDown(org.testng.ITestResult)[pri:0, instance:org.ClearTrip.tests.FlightBookingFiltersTest.TC04SpecialFare_Test@d5b810e]" started-at="2026-05-06T18:02:06 IST" name="tearDown" finished-at="2026-05-06T18:02:09 IST" duration-ms="3248" status="PASS">
          <params>
            <param index="0">
              <value>
                <![CDATA[[TestResult name=specialfare status=SUCCESS method=TC04SpecialFare_Test.specialfare()[pri:0, instance:org.ClearTrip.tests.FlightBookingFiltersTest.TC04SpecialFare_Test@d5b810e] output={null}]]]>
              </value>
            </param>
          </params>
          <reporter-output>
          </reporter-output>
        </test-method> <!-- tearDown -->
      </class> <!-- org.ClearTrip.tests.FlightBookingFiltersTest.TC04SpecialFare_Test -->
      <class name="org.ClearTrip.tests.HotelBookingFiltersTest.TC_02_GuestRating">
        <test-method is-config="true" signature="setUp()[pri:0, instance:org.ClearTrip.tests.HotelBookingFiltersTest.TC_02_GuestRating@4a7f959b]" started-at="2026-05-06T17:54:33 IST" name="setUp" finished-at="2026-05-06T17:54:45 IST" duration-ms="12444" status="PASS">
          <reporter-output>
          </reporter-output>
        </test-method> <!-- setUp -->
        <test-method signature="testclass01()[pri:0, instance:org.ClearTrip.tests.HotelBookingFiltersTest.TC_02_GuestRating@4a7f959b]" started-at="2026-05-06T17:54:45 IST" name="testclass01" finished-at="2026-05-06T17:54:56 IST" duration-ms="11197" status="PASS">
          <reporter-output>
          </reporter-output>
        </test-method> <!-- testclass01 -->
        <test-method is-config="true" signature="tearDown(org.testng.ITestResult)[pri:0, instance:org.ClearTrip.tests.HotelBookingFiltersTest.TC_02_GuestRating@4a7f959b]" started-at="2026-05-06T17:54:56 IST" name="tearDown" finished-at="2026-05-06T17:55:01 IST" duration-ms="4216" status="PASS">
          <params>
            <param index="0">
              <value>
                <![CDATA[[TestResult name=testclass01 status=SUCCESS method=TC_02_GuestRating.testclass01()[pri:0, instance:org.ClearTrip.tests.HotelBookingFiltersTest.TC_02_GuestRating@4a7f959b] output={null}]]]>
              </value>
            </param>
          </params>
          <reporter-output>
          </reporter-output>
        </test-method> <!-- tearDown -->
      </class> <!-- org.ClearTrip.tests.HotelBookingFiltersTest.TC_02_GuestRating -->
      <class name="org.ClearTrip.tests.FlightBookingFiltersTest.TC03FilterOnArrivalTime_Test">
        <test-method is-config="true" signature="setUp()[pri:0, instance:org.ClearTrip.tests.FlightBookingFiltersTest.TC03FilterOnArrivalTime_Test@5ba3f27a]" started-at="2026-05-06T17:59:22 IST" name="setUp" finished-at="2026-05-06T17:59:33 IST" duration-ms="11129" status="PASS">
          <reporter-output>
          </reporter-output>
        </test-method> <!-- setUp -->
        <test-method signature="filerArrivalTime()[pri:0, instance:org.ClearTrip.tests.FlightBookingFiltersTest.TC03FilterOnArrivalTime_Test@5ba3f27a]" started-at="2026-05-06T17:59:33 IST" name="filerArrivalTime" finished-at="2026-05-06T17:59:45 IST" duration-ms="11965" status="PASS">
          <reporter-output>
          </reporter-output>
        </test-method> <!-- filerArrivalTime -->
        <test-method is-config="true" signature="tearDown(org.testng.ITestResult)[pri:0, instance:org.ClearTrip.tests.FlightBookingFiltersTest.TC03FilterOnArrivalTime_Test@5ba3f27a]" started-at="2026-05-06T17:59:45 IST" name="tearDown" finished-at="2026-05-06T17:59:48 IST" duration-ms="3722" status="PASS">
          <params>
            <param index="0">
              <value>
                <![CDATA[[TestResult name=filerArrivalTime status=SUCCESS method=TC03FilterOnArrivalTime_Test.filerArrivalTime()[pri:0, instance:org.ClearTrip.tests.FlightBookingFiltersTest.TC03FilterOnArrivalTime_Test@5ba3f27a] output={null}]]]>
              </value>
            </param>
          </params>
          <reporter-output>
          </reporter-output>
        </test-method> <!-- tearDown -->
      </class> <!-- org.ClearTrip.tests.FlightBookingFiltersTest.TC03FilterOnArrivalTime_Test -->
      <class name="org.ClearTrip.tests.HotelBookingFiltersTest.TC_04_Propertytype">
        <test-method is-config="true" signature="setUp()[pri:0, instance:org.ClearTrip.tests.HotelBookingFiltersTest.TC_04_Propertytype@3bf9ce3e]" started-at="2026-05-06T18:01:06 IST" name="setUp" finished-at="2026-05-06T18:01:19 IST" duration-ms="13423" status="PASS">
          <reporter-output>
          </reporter-output>
        </test-method> <!-- setUp -->
        <test-method signature="propertyfilter()[pri:0, instance:org.ClearTrip.tests.HotelBookingFiltersTest.TC_04_Propertytype@3bf9ce3e]" started-at="2026-05-06T18:01:19 IST" name="propertyfilter" finished-at="2026-05-06T18:01:30 IST" duration-ms="10510" status="PASS">
          <reporter-output>
          </reporter-output>
        </test-method> <!-- propertyfilter -->
        <test-method is-config="true" signature="tearDown(org.testng.ITestResult)[pri:0, instance:org.ClearTrip.tests.HotelBookingFiltersTest.TC_04_Propertytype@3bf9ce3e]" started-at="2026-05-06T18:01:30 IST" name="tearDown" finished-at="2026-05-06T18:01:36 IST" duration-ms="5969" status="PASS">
          <params>
            <param index="0">
              <value>
                <![CDATA[[TestResult name=propertyfilter status=SUCCESS method=TC_04_Propertytype.propertyfilter()[pri:0, instance:org.ClearTrip.tests.HotelBookingFiltersTest.TC_04_Propertytype@3bf9ce3e] output={null}]]]>
              </value>
            </param>
          </params>
          <reporter-output>
          </reporter-output>
        </test-method> <!-- tearDown -->
      </class> <!-- org.ClearTrip.tests.HotelBookingFiltersTest.TC_04_Propertytype -->
      <class name="org.ClearTrip.tests.HotelBookingFiltersTest.TC_03_Amenities">
        <test-method is-config="true" signature="setUp()[pri:0, instance:org.ClearTrip.tests.HotelBookingFiltersTest.TC_03_Amenities@67c33749]" started-at="2026-05-06T17:58:28 IST" name="setUp" finished-at="2026-05-06T17:58:40 IST" duration-ms="11759" status="PASS">
          <reporter-output>
          </reporter-output>
        </test-method> <!-- setUp -->
        <test-method signature="Amenities()[pri:0, instance:org.ClearTrip.tests.HotelBookingFiltersTest.TC_03_Amenities@67c33749]" started-at="2026-05-06T17:58:40 IST" name="Amenities" finished-at="2026-05-06T17:59:16 IST" duration-ms="36013" status="FAIL">
          <exception class="java.lang.AssertionError">
            <message>
              <![CDATA[ Amenities filter is NOT applied correctly expected [true] but found [false]]]>
            </message>
            <full-stacktrace>
              <![CDATA[java.lang.AssertionError:  Amenities filter is NOT applied correctly expected [true] but found [false]
at org.testng.Assert.fail(Assert.java:111)
at org.testng.Assert.failNotEquals(Assert.java:1590)
at org.testng.Assert.assertTrue(Assert.java:57)
at org.ClearTrip.tests.HotelBookingFiltersTest.TC_03_Amenities.Amenities(TC_03_Amenities.java:20)
at java.base/jdk.internal.reflect.DirectMethodHandleAccessor.invoke(DirectMethodHandleAccessor.java:103)
at java.base/java.lang.reflect.Method.invoke(Method.java:580)
at org.testng.internal.invokers.MethodInvocationHelper.invokeMethod(MethodInvocationHelper.java:141)
at org.testng.internal.invokers.TestInvoker.invokeMethod(TestInvoker.java:697)
at org.testng.internal.invokers.TestInvoker.invokeTestMethod(TestInvoker.java:230)
at org.testng.internal.invokers.MethodRunner.runInSequence(MethodRunner.java:63)
at org.testng.internal.invokers.TestInvoker$MethodInvocationAgent.invoke(TestInvoker.java:1005)
at org.testng.internal.invokers.TestInvoker.invokeTestMethods(TestInvoker.java:203)
at org.testng.internal.invokers.TestMethodWorker.invokeTestMethods(TestMethodWorker.java:154)
at org.testng.internal.invokers.TestMethodWorker.run(TestMethodWorker.java:134)
at java.base/java.util.ArrayList.forEach(ArrayList.java:1596)
at org.testng.TestRunner.privateRun(TestRunner.java:744)
at org.testng.TestRunner.run(TestRunner.java:616)
at org.testng.SuiteRunner.runTest(SuiteRunner.java:421)
at org.testng.SuiteRunner.runSequentially(SuiteRunner.java:413)
at org.testng.SuiteRunner.privateRun(SuiteRunner.java:373)
at org.testng.SuiteRunner.run(SuiteRunner.java:312)
at org.testng.SuiteRunnerWorker.runSuite(SuiteRunnerWorker.java:52)
at org.testng.SuiteRunnerWorker.run(SuiteRunnerWorker.java:95)
at org.testng.TestNG.runSuitesSequentially(TestNG.java:1274)
at org.testng.TestNG.runSuitesLocally(TestNG.java:1208)
at org.testng.TestNG.runSuites(TestNG.java:1112)
at org.testng.TestNG.run(TestNG.java:1079)
at com.intellij.rt.testng.IDEARemoteTestNG.run(IDEARemoteTestNG.java:65)
at com.intellij.rt.testng.RemoteTestNGStarter.main(RemoteTestNGStarter.java:105)
]]>
            </full-stacktrace>
          </exception> <!-- java.lang.AssertionError -->
          <reporter-output>
          </reporter-output>
        </test-method> <!-- Amenities -->
        <test-method is-config="true" signature="tearDown(org.testng.ITestResult)[pri:0, instance:org.ClearTrip.tests.HotelBookingFiltersTest.TC_03_Amenities@67c33749]" started-at="2026-05-06T17:59:16 IST" name="tearDown" finished-at="2026-05-06T17:59:22 IST" duration-ms="5291" status="PASS">
          <params>
            <param index="0">
              <value>
                <![CDATA[[TestResult name=Amenities status=FAILURE method=TC_03_Amenities.Amenities()[pri:0, instance:org.ClearTrip.tests.HotelBookingFiltersTest.TC_03_Amenities@67c33749] output={null}]]]>
              </value>
            </param>
          </params>
          <reporter-output>
          </reporter-output>
        </test-method> <!-- tearDown -->
      </class> <!-- org.ClearTrip.tests.HotelBookingFiltersTest.TC_03_Amenities -->
      <class name="org.ClearTrip.tests.FlightBookingValidationTest.TC04_FlightFilterTest">
        <test-method is-config="true" signature="setUp()[pri:0, instance:org.ClearTrip.tests.FlightBookingValidationTest.TC04_FlightFilterTest@4b0d79fc]" started-at="2026-05-06T18:02:09 IST" name="setUp" finished-at="2026-05-06T18:02:24 IST" duration-ms="14105" status="PASS">
          <reporter-output>
          </reporter-output>
        </test-method> <!-- setUp -->
        <test-method signature="FlightFilter()[pri:0, instance:org.ClearTrip.tests.FlightBookingValidationTest.TC04_FlightFilterTest@4b0d79fc]" started-at="2026-05-06T18:02:24 IST" name="FlightFilter" finished-at="2026-05-06T18:02:39 IST" duration-ms="15664" status="PASS">
          <reporter-output>
          </reporter-output>
        </test-method> <!-- FlightFilter -->
        <test-method is-config="true" signature="tearDown(org.testng.ITestResult)[pri:0, instance:org.ClearTrip.tests.FlightBookingValidationTest.TC04_FlightFilterTest@4b0d79fc]" started-at="2026-05-06T18:02:39 IST" name="tearDown" finished-at="2026-05-06T18:02:42 IST" duration-ms="3297" status="PASS">
          <params>
            <param index="0">
              <value>
                <![CDATA[[TestResult name=FlightFilter status=SUCCESS method=TC04_FlightFilterTest.FlightFilter()[pri:0, instance:org.ClearTrip.tests.FlightBookingValidationTest.TC04_FlightFilterTest@4b0d79fc] output={null}]]]>
              </value>
            </param>
          </params>
          <reporter-output>
          </reporter-output>
        </test-method> <!-- tearDown -->
      </class> <!-- org.ClearTrip.tests.FlightBookingValidationTest.TC04_FlightFilterTest -->
    </test> <!-- All Automations -->
  </suite> <!-- Minimum Suite -->
</testng-results>
