<?xml version="1.0" encoding="UTF-8"?>
<!-- Generated by org.testng.reporters.JUnitReportReporter -->
<testsuite hostname="LTIN699678" failures="0" tests="1" name="org.ClearTrip.tests.HotelBookingFunctsPricesTest.T1_FilterHotelsInNiarobiaTest" time="16.125" errors="0" timestamp="2026-05-14T10:19:18 IST" skipped="0">
  <testcase classname="org.ClearTrip.tests.HotelBookingFunctsPricesTest.T1_FilterHotelsInNiarobiaTest" name="assertionPerform" time="16.125"/>
</testsuite> <!-- org.ClearTrip.tests.HotelBookingFunctsPricesTest.T1_FilterHotelsInNiarobiaTest -->
