<?xml version="1.0" encoding="UTF-8"?>
<!-- Generated by org.testng.reporters.JUnitReportReporter -->
<testsuite hostname="LTIN699678" failures="0" tests="1" name="org.ClearTrip.tests.FlightBookingFiltersTest.TC02TravellersCount_Test" time="33.943" errors="0" timestamp="2026-05-07T13:06:30 IST" skipped="0">
  <testcase classname="org.ClearTrip.tests.FlightBookingFiltersTest.TC02TravellersCount_Test" name="travellers_count" time="33.943"/>
</testsuite> <!-- org.ClearTrip.tests.FlightBookingFiltersTest.TC02TravellersCount_Test -->
