<?xml version="1.0" encoding="UTF-8"?>
<!-- Generated by org.testng.reporters.JUnitReportReporter -->
<testsuite hostname="LTIN699678" failures="0" tests="1" name="org.ClearTrip.tests.FlightBookingFiltersTest.TC03FilterOnArrivalTime_Test" time="39.720" errors="0" timestamp="2026-05-07T13:06:30 IST" skipped="0">
  <testcase classname="org.ClearTrip.tests.FlightBookingFiltersTest.TC03FilterOnArrivalTime_Test" name="filerArrivalTime" time="39.720"/>
</testsuite> <!-- org.ClearTrip.tests.FlightBookingFiltersTest.TC03FilterOnArrivalTime_Test -->
