<?xml version="1.0" encoding="UTF-8"?>
<!-- Generated by org.testng.reporters.JUnitReportReporter -->
<testsuite hostname="LTIN699678" failures="0" tests="1" name="org.ClearTrip.tests.HotelBookingFunctsPricesTest.T5_PassengerDetailsContinuePayTest" time="65.102" errors="0" timestamp="2026-05-08T13:38:27 IST" skipped="0">
  <testcase classname="org.ClearTrip.tests.HotelBookingFunctsPricesTest.T5_PassengerDetailsContinuePayTest" name="validatePassengerDCP" time="65.102"/>
</testsuite> <!-- org.ClearTrip.tests.HotelBookingFunctsPricesTest.T5_PassengerDetailsContinuePayTest -->
