<?xml version="1.0" encoding="UTF-8"?>
<!-- Generated by org.testng.reporters.JUnitReportReporter -->
<testsuite hostname="LTIN699678" failures="0" tests="1" name="org.ClearTrip.tests.FlightBookingFiltersTest.TC03FilterOnArrivalTime_Test" time="26.816" errors="0" timestamp="2026-05-06T18:05:16 IST" skipped="0">
  <testcase classname="org.ClearTrip.tests.FlightBookingFiltersTest.TC03FilterOnArrivalTime_Test" name="filerArrivalTime" time="26.816"/>
</testsuite> <!-- org.ClearTrip.tests.FlightBookingFiltersTest.TC03FilterOnArrivalTime_Test -->
