<?xml version="1.0" encoding="UTF-8"?>
<!-- Generated by org.testng.reporters.JUnitReportReporter -->
<testsuite hostname="LTIN699678" failures="0" tests="1" name="org.ClearTrip.tests.HotelBookingFunctsPricesTest.T6_HotelListingPageTest" time="35.643" errors="0" timestamp="2026-05-07T12:20:16 IST" skipped="0">
  <testcase classname="org.ClearTrip.tests.HotelBookingFunctsPricesTest.T6_HotelListingPageTest" name="validateExcelSheet" time="35.643"/>
</testsuite> <!-- org.ClearTrip.tests.HotelBookingFunctsPricesTest.T6_HotelListingPageTest -->
