<?xml version="1.0" encoding="UTF-8"?>
<!-- Generated by org.testng.reporters.JUnitReportReporter -->
<testsuite hostname="LTIN699678" failures="0" tests="1" name="org.ClearTrip.tests.HotelBookingFiltersTest.TC_02_GuestRating" time="29.989" errors="0" timestamp="2026-05-08T09:13:27 IST" skipped="0">
  <testcase classname="org.ClearTrip.tests.HotelBookingFiltersTest.TC_02_GuestRating" name="testclass01" time="29.989"/>
</testsuite> <!-- org.ClearTrip.tests.HotelBookingFiltersTest.TC_02_GuestRating -->
