<?xml version="1.0" encoding="UTF-8"?>
<!-- Generated by org.testng.reporters.JUnitReportReporter -->
<testsuite hostname="LTIN699678" failures="0" tests="1" name="org.ClearTrip.tests.FlightBookingFiltersTest.TC04SpecialFare_Test" time="44.283" errors="0" timestamp="2026-05-07T13:06:30 IST" skipped="0">
  <testcase classname="org.ClearTrip.tests.FlightBookingFiltersTest.TC04SpecialFare_Test" name="specialfare" time="44.283"/>
</testsuite> <!-- org.ClearTrip.tests.FlightBookingFiltersTest.TC04SpecialFare_Test -->
