<?xml version="1.0" encoding="UTF-8"?>
<!-- Generated by org.testng.reporters.JUnitReportReporter -->
<testsuite hostname="LTIN699678" failures="0" tests="1" name="org.ClearTrip.tests.FlightBookingValidationTest.TC04_FlightFilterTest" time="33.066" errors="0" timestamp="2026-05-06T18:05:16 IST" skipped="0">
  <testcase classname="org.ClearTrip.tests.FlightBookingValidationTest.TC04_FlightFilterTest" name="FlightFilter" time="33.066"/>
</testsuite> <!-- org.ClearTrip.tests.FlightBookingValidationTest.TC04_FlightFilterTest -->
