<?xml version="1.0" encoding="UTF-8"?>
<!-- Generated by org.testng.reporters.JUnitReportReporter -->
<testsuite hostname="LTIN699678" failures="0" tests="1" name="org.ClearTrip.tests.HotelBookingFunctsPricesTest.T3_CheckAmenitiesTest" time="29.600" errors="0" timestamp="2026-05-08T09:13:27 IST" skipped="0">
  <testcase classname="org.ClearTrip.tests.HotelBookingFunctsPricesTest.T3_CheckAmenitiesTest" name="validateAmenities" time="29.600"/>
</testsuite> <!-- org.ClearTrip.tests.HotelBookingFunctsPricesTest.T3_CheckAmenitiesTest -->
