<?xml version="1.0" encoding="UTF-8"?>
<!-- Generated by org.testng.reporters.JUnitReportReporter -->
<testsuite hostname="LTIN699678" failures="0" tests="1" name="org.ClearTrip.tests.FlightBookingFiltersTest.TC01EmptyDestination_Test" time="16.049" errors="0" timestamp="2026-05-08T09:13:27 IST" skipped="0">
  <testcase classname="org.ClearTrip.tests.FlightBookingFiltersTest.TC01EmptyDestination_Test" name="testCruiseFlow" time="16.049"/>
</testsuite> <!-- org.ClearTrip.tests.FlightBookingFiltersTest.TC01EmptyDestination_Test -->
